-------------------------------------------------------------------------------
Test set: org.sonatype.repository.helm.internal.util.YamlParserTest
-------------------------------------------------------------------------------
Tests run: 2, Failures: 1, Errors: 0, Skipped: 0, Time elapsed: 0.293 s <<< FAILURE! - in org.sonatype.repository.helm.internal.util.YamlParserTest
testWriteIndexYaml(org.sonatype.repository.helm.internal.util.YamlParserTest)  Time elapsed: 0.275 s  <<< FAILURE!
java.lang.AssertionError
	at org.sonatype.repository.helm.internal.util.YamlParserTest.testWriteIndexYaml(YamlParserTest.java:89)

