11:39:28.247 INFO [main] org.sonatype.repository.helm.internal.util.YamlParserTest - TEST testWriteIndexYaml STARTING
11:39:28.507 INFO [main] org.sonatype.repository.helm.internal.util.YamlParserTest - TEST testWriteIndexYaml FAILED
org.yaml.snakeyaml.constructor.ConstructorException: Cannot create property=generated for JavaBean=org.sonatype.repository.helm.internal.metadata.ChartIndex@29f7cefd
 in 'string', line 1, column 1:
    apiVersion: '1.0'
    ^
Can't construct a java object for scalar tag:yaml.org,2002:timestamp; No String constructor found. Exception=org.joda.time.DateTime.<init>(java.lang.String)
 in 'string', line 52, column 12:
    generated: 2021-04-14T03:39:28.440Z
               ^

	at org.yaml.snakeyaml.constructor.Constructor$ConstructMapping.constructJavaBean2ndStep(Constructor.java:292)
	at org.yaml.snakeyaml.constructor.Constructor$ConstructMapping.construct(Constructor.java:171)
	at org.yaml.snakeyaml.constructor.Constructor$ConstructYamlObject.construct(Constructor.java:331)
	at org.yaml.snakeyaml.constructor.BaseConstructor.constructObjectNoCheck(BaseConstructor.java:230)
	at org.yaml.snakeyaml.constructor.BaseConstructor.constructObject(BaseConstructor.java:219)
	at org.yaml.snakeyaml.constructor.BaseConstructor.constructDocument(BaseConstructor.java:173)
	at org.yaml.snakeyaml.constructor.BaseConstructor.getSingleData(BaseConstructor.java:157)
	at org.yaml.snakeyaml.Yaml.loadFromReader(Yaml.java:472)
	at org.yaml.snakeyaml.Yaml.loadAs(Yaml.java:452)
	at org.sonatype.repository.helm.internal.util.YamlParserTest.testWriteIndexYaml(YamlParserTest.java:85)
	at sun.reflect.NativeMethodAccessorImpl.invoke0(Native Method)
	at sun.reflect.NativeMethodAccessorImpl.invoke(NativeMethodAccessorImpl.java:62)
	at sun.reflect.DelegatingMethodAccessorImpl.invoke(DelegatingMethodAccessorImpl.java:43)
	at java.lang.reflect.Method.invoke(Method.java:498)
	at org.junit.runners.model.FrameworkMethod$1.runReflectiveCall(FrameworkMethod.java:50)
	at org.junit.internal.runners.model.ReflectiveCallable.run(ReflectiveCallable.java:12)
	at org.junit.runners.model.FrameworkMethod.invokeExplosively(FrameworkMethod.java:47)
	at org.junit.internal.runners.statements.InvokeMethod.evaluate(InvokeMethod.java:17)
	at org.junit.internal.runners.statements.RunBefores.evaluate(RunBefores.java:26)
	at org.junit.rules.TestWatcher$1.evaluate(TestWatcher.java:55)
	at org.junit.rules.RunRules.evaluate(RunRules.java:20)
	at org.junit.runners.ParentRunner.runLeaf(ParentRunner.java:325)
	at org.junit.runners.BlockJUnit4ClassRunner.runChild(BlockJUnit4ClassRunner.java:78)
	at org.junit.runners.BlockJUnit4ClassRunner.runChild(BlockJUnit4ClassRunner.java:57)
	at org.junit.runners.ParentRunner$3.run(ParentRunner.java:290)
	at org.junit.runners.ParentRunner$1.schedule(ParentRunner.java:71)
	at org.junit.runners.ParentRunner.runChildren(ParentRunner.java:288)
	at org.junit.runners.ParentRunner.access$000(ParentRunner.java:58)
	at org.junit.runners.ParentRunner$2.evaluate(ParentRunner.java:268)
	at org.junit.runners.ParentRunner.run(ParentRunner.java:363)
	at org.junit.runners.Suite.runChild(Suite.java:128)
	at org.junit.runners.Suite.runChild(Suite.java:27)
	at org.junit.runners.ParentRunner$3.run(ParentRunner.java:290)
	at org.junit.runners.ParentRunner$1.schedule(ParentRunner.java:71)
	at org.junit.runners.ParentRunner.runChildren(ParentRunner.java:288)
	at org.junit.runners.ParentRunner.access$000(ParentRunner.java:58)
	at org.junit.runners.ParentRunner$2.evaluate(ParentRunner.java:268)
	at org.junit.runners.ParentRunner.run(ParentRunner.java:363)
	at org.apache.maven.surefire.junitcore.JUnitCore.run(JUnitCore.java:55)
	at org.apache.maven.surefire.junitcore.JUnitCoreWrapper.createRequestAndRun(JUnitCoreWrapper.java:137)
	at org.apache.maven.surefire.junitcore.JUnitCoreWrapper.executeEager(JUnitCoreWrapper.java:107)
	at org.apache.maven.surefire.junitcore.JUnitCoreWrapper.execute(JUnitCoreWrapper.java:83)
	at org.apache.maven.surefire.junitcore.JUnitCoreWrapper.execute(JUnitCoreWrapper.java:75)
	at org.apache.maven.surefire.junitcore.JUnitCoreProvider.invoke(JUnitCoreProvider.java:157)
	at org.apache.maven.surefire.booter.ForkedBooter.invokeProviderInSameClassLoader(ForkedBooter.java:386)
	at org.apache.maven.surefire.booter.ForkedBooter.runSuitesInProcess(ForkedBooter.java:323)
	at org.apache.maven.surefire.booter.ForkedBooter.main(ForkedBooter.java:143)
Caused by: org.yaml.snakeyaml.error.YAMLException: Can't construct a java object for scalar tag:yaml.org,2002:timestamp; No String constructor found. Exception=org.joda.time.DateTime.<init>(java.lang.String)
	at org.yaml.snakeyaml.constructor.Constructor$ConstructScalar.construct(Constructor.java:411)
	at org.yaml.snakeyaml.constructor.BaseConstructor.constructObjectNoCheck(BaseConstructor.java:230)
	at org.yaml.snakeyaml.constructor.BaseConstructor.constructObject(BaseConstructor.java:219)
	at org.yaml.snakeyaml.constructor.Constructor$ConstructMapping.constructJavaBean2ndStep(Constructor.java:269)
	... 46 common frames omitted
Caused by: java.lang.NoSuchMethodException: org.joda.time.DateTime.<init>(java.lang.String)
	at java.lang.Class.getConstructor0(Class.java:3082)
	at java.lang.Class.getDeclaredConstructor(Class.java:2178)
	at org.yaml.snakeyaml.constructor.Constructor$ConstructScalar.construct(Constructor.java:407)
	... 49 common frames omitted
11:39:28.507 INFO [main] org.sonatype.repository.helm.internal.util.YamlParserTest - TEST testWriteIndexYaml FINISHED
11:39:28.510 INFO [main] org.sonatype.repository.helm.internal.util.YamlParserTest - TEST testParseChartYaml STARTING
11:39:28.515 INFO [main] org.sonatype.repository.helm.internal.util.YamlParserTest - TEST testParseChartYaml SUCCEEDED
11:39:28.515 INFO [main] org.sonatype.repository.helm.internal.util.YamlParserTest - TEST testParseChartYaml FINISHED
