23:28:46.782 INFO [main] org.sonatype.repository.helm.internal.orient.createindex.CreateIndexServiceImplTest - TEST testBuildIndexYaml STARTING
23:28:47.097 INFO [main] org.sonatype.repository.helm.internal.orient.createindex.CreateIndexServiceImplTest - TEST testBuildIndexYaml FAILED
java.lang.NullPointerException: null
	at org.sonatype.repository.helm.internal.metadata.ChartIndex$1.compare(ChartIndex.java:42)
	at org.sonatype.repository.helm.internal.metadata.ChartIndex$1.compare(ChartIndex.java:1)
	at java.util.TreeMap.compare(TreeMap.java:1295)
	at java.util.TreeMap.put(TreeMap.java:538)
	at java.util.Map.computeIfAbsent(Map.java:958)
	at org.sonatype.repository.helm.internal.metadata.ChartIndex.addEntry(ChartIndex.java:61)
	at org.sonatype.repository.helm.internal.orient.createindex.CreateIndexServiceImpl.parseAssetIntoChartEntry(CreateIndexServiceImpl.java:106)
	at org.sonatype.repository.helm.internal.orient.createindex.CreateIndexServiceImpl.buildIndexYaml(CreateIndexServiceImpl.java:80)
	at org.sonatype.nexus.transaction.TransactionalWrapper.proceedWithTransaction(TransactionalWrapper.java:57)
	at org.sonatype.nexus.transaction.TransactionInterceptor.proceedWithTransaction(TransactionInterceptor.java:66)
	at org.sonatype.nexus.transaction.TransactionInterceptor.invoke(TransactionInterceptor.java:55)
	at org.sonatype.repository.helm.internal.orient.createindex.CreateIndexServiceImplTest.testBuildIndexYaml(CreateIndexServiceImplTest.java:118)
	at sun.reflect.NativeMethodAccessorImpl.invoke0(Native Method)
	at sun.reflect.NativeMethodAccessorImpl.invoke(NativeMethodAccessorImpl.java:62)
	at sun.reflect.DelegatingMethodAccessorImpl.invoke(DelegatingMethodAccessorImpl.java:43)
	at java.lang.reflect.Method.invoke(Method.java:498)
	at org.junit.runners.model.FrameworkMethod$1.runReflectiveCall(FrameworkMethod.java:50)
	at org.junit.internal.runners.model.ReflectiveCallable.run(ReflectiveCallable.java:12)
	at org.junit.runners.model.FrameworkMethod.invokeExplosively(FrameworkMethod.java:47)
	at org.junit.internal.runners.statements.InvokeMethod.evaluate(InvokeMethod.java:17)
	at org.junit.internal.runners.statements.RunBefores.evaluate(RunBefores.java:26)
	at org.junit.internal.runners.statements.RunAfters.evaluate(RunAfters.java:27)
	at org.junit.rules.TestWatcher$1.evaluate(TestWatcher.java:55)
	at org.junit.rules.RunRules.evaluate(RunRules.java:20)
	at org.junit.runners.ParentRunner.runLeaf(ParentRunner.java:325)
	at org.junit.runners.BlockJUnit4ClassRunner.runChild(BlockJUnit4ClassRunner.java:78)
	at org.junit.runners.BlockJUnit4ClassRunner.runChild(BlockJUnit4ClassRunner.java:57)
	at org.junit.runners.ParentRunner$3.run(ParentRunner.java:290)
	at org.junit.runners.ParentRunner$1.schedule(ParentRunner.java:71)
	at org.junit.runners.ParentRunner.runChildren(ParentRunner.java:288)
	at org.junit.runners.ParentRunner.access$000(ParentRunner.java:58)
	at org.junit.runners.ParentRunner$2.evaluate(ParentRunner.java:268)
	at org.junit.runners.ParentRunner.run(ParentRunner.java:363)
	at org.junit.runners.Suite.runChild(Suite.java:128)
	at org.junit.runners.Suite.runChild(Suite.java:27)
	at org.junit.runners.ParentRunner$3.run(ParentRunner.java:290)
	at org.junit.runners.ParentRunner$1.schedule(ParentRunner.java:71)
	at org.junit.runners.ParentRunner.runChildren(ParentRunner.java:288)
	at org.junit.runners.ParentRunner.access$000(ParentRunner.java:58)
	at org.junit.runners.ParentRunner$2.evaluate(ParentRunner.java:268)
	at org.junit.runners.ParentRunner.run(ParentRunner.java:363)
	at org.apache.maven.surefire.junitcore.JUnitCore.run(JUnitCore.java:55)
	at org.apache.maven.surefire.junitcore.JUnitCoreWrapper.createRequestAndRun(JUnitCoreWrapper.java:137)
	at org.apache.maven.surefire.junitcore.JUnitCoreWrapper.executeEager(JUnitCoreWrapper.java:107)
	at org.apache.maven.surefire.junitcore.JUnitCoreWrapper.execute(JUnitCoreWrapper.java:83)
	at org.apache.maven.surefire.junitcore.JUnitCoreWrapper.execute(JUnitCoreWrapper.java:75)
	at org.apache.maven.surefire.junitcore.JUnitCoreProvider.invoke(JUnitCoreProvider.java:157)
	at org.apache.maven.surefire.booter.ForkedBooter.invokeProviderInSameClassLoader(ForkedBooter.java:386)
	at org.apache.maven.surefire.booter.ForkedBooter.runSuitesInProcess(ForkedBooter.java:323)
	at org.apache.maven.surefire.booter.ForkedBooter.main(ForkedBooter.java:143)
23:28:47.098 INFO [main] org.sonatype.repository.helm.internal.orient.createindex.CreateIndexServiceImplTest - TEST testBuildIndexYaml FINISHED
23:28:47.098 INFO [main] org.sonatype.repository.helm.internal.orient.createindex.CreateIndexServiceImplTest - TEST testIndexYamlBuiltEvenWhenNoAssets STARTING
23:28:47.102 INFO [main] org.sonatype.repository.helm.internal.orient.createindex.CreateIndexServiceImplTest - TEST testIndexYamlBuiltEvenWhenNoAssets SUCCEEDED
23:28:47.103 INFO [main] org.sonatype.repository.helm.internal.orient.createindex.CreateIndexServiceImplTest - TEST testIndexYamlBuiltEvenWhenNoAssets FINISHED
